TN:
SF:src/index.ts
FN:10,(anonymous_1)
FN:12,verifyGitHubSignature
FN:22,(anonymous_3)
FN:27,(anonymous_4)
FN:69,(anonymous_5)
FN:111,(anonymous_6)
FN:151,(anonymous_7)
FN:186,(anonymous_8)
FN:195,(anonymous_9)
FN:203,(anonymous_10)
FNF:10
FNH:0
FNDA:0,(anonymous_1)
FNDA:0,verifyGitHubSignature
FNDA:0,(anonymous_3)
FNDA:0,(anonymous_4)
FNDA:0,(anonymous_5)
FNDA:0,(anonymous_6)
FNDA:0,(anonymous_7)
FNDA:0,(anonymous_8)
FNDA:0,(anonymous_9)
FNDA:0,(anonymous_10)
DA:1,0
DA:2,0
DA:3,0
DA:4,0
DA:6,0
DA:7,0
DA:10,0
DA:13,0
DA:14,0
DA:15,0
DA:16,0
DA:17,0
DA:18,0
DA:22,0
DA:23,0
DA:27,0
DA:28,0
DA:69,0
DA:70,0
DA:111,0
DA:112,0
DA:151,0
DA:152,0
DA:153,0
DA:155,0
DA:156,0
DA:157,0
DA:158,0
DA:161,0
DA:162,0
DA:163,0
DA:165,0
DA:167,0
DA:171,0
DA:177,0
DA:178,0
DA:186,0
DA:187,0
DA:188,0
DA:195,0
DA:196,0
DA:203,0
DA:204,0
LF:43
LH:0
BRDA:15,0,0,0
BRDA:15,0,1,0
BRDA:15,1,0,0
BRDA:15,1,1,0
BRDA:152,2,0,0
BRDA:152,2,1,0
BRDA:161,3,0,0
BRDA:161,3,1,0
BRDA:161,4,0,0
BRDA:161,4,1,0
BRDA:163,5,0,0
BRDA:163,5,1,0
BRDA:163,6,0,0
BRDA:163,6,1,0
BRDA:163,6,2,0
BRF:15
BRH:0
end_of_record
TN:
SF:src/workflow.ts
FN:18,handleGitHubIssue
FNF:1
FNH:1
FNDA:6,handleGitHubIssue
DA:18,1
DA:19,6
DA:20,6
DA:21,6
DA:23,6
DA:24,4
DA:27,6
DA:28,2
DA:31,6
DA:32,3
DA:35,6
DA:36,2
DA:39,6
LF:13
LH:13
BRDA:23,0,0,4
BRDA:23,0,1,2
BRDA:27,1,0,2
BRDA:27,1,1,4
BRDA:31,2,0,3
BRDA:31,2,1,3
BRDA:35,3,0,2
BRDA:35,3,1,4
BRF:8
BRH:8
end_of_record
TN:
SF:src/tools/github.ts
FN:16,createIssueComment
FN:58,getIssue
FN:90,listIssues
FNF:3
FNH:0
FNDA:0,createIssueComment
FNDA:0,getIssue
FNDA:0,listIssues
DA:1,0
DA:4,0
DA:16,0
DA:22,0
DA:24,0
DA:25,0
DA:29,0
DA:30,0
DA:33,0
DA:35,0
DA:42,0
DA:43,0
DA:46,0
DA:47,0
DA:58,0
DA:63,0
DA:64,0
DA:65,0
DA:68,0
DA:74,0
DA:77,0
DA:78,0
DA:90,0
DA:96,0
DA:97,0
DA:98,0
DA:101,0
DA:108,0
DA:111,0
DA:112,0
LF:30
LH:0
BRDA:24,0,0,0
BRDA:24,0,1,0
BRDA:24,1,0,0
BRDA:24,1,1,0
BRDA:24,1,2,0
BRDA:24,1,3,0
BRDA:29,2,0,0
BRDA:29,2,1,0
BRDA:64,3,0,0
BRDA:64,3,1,0
BRDA:93,4,0,0
BRDA:94,5,0,0
BRDA:97,6,0,0
BRDA:97,6,1,0
BRF:14
BRH:0
end_of_record
TN:
SF:src/tools/notion.ts
FN:12,validateNotionConfig
FN:28,createTaskInNotion
FN:92,getPage
FN:116,getDatabase
FN:138,queryDatabase
FNF:5
FNH:0
FNDA:0,validateNotionConfig
FNDA:0,createTaskInNotion
FNDA:0,getPage
FNDA:0,getDatabase
FNDA:0,queryDatabase
DA:1,0
DA:4,0
DA:13,0
DA:14,0
DA:17,0
DA:18,0
DA:28,0
DA:32,0
DA:34,0
DA:37,0
DA:38,0
DA:41,0
DA:43,0
DA:78,0
DA:79,0
DA:82,0
DA:83,0
DA:92,0
DA:93,0
DA:94,0
DA:96,0
DA:97,0
DA:100,0
DA:104,0
DA:107,0
DA:108,0
DA:116,0
DA:117,0
DA:118,0
DA:120,0
DA:124,0
DA:127,0
DA:128,0
DA:138,0
DA:142,0
DA:143,0
DA:145,0
DA:151,0
DA:154,0
DA:155,0
LF:40
LH:0
BRDA:13,0,0,0
BRDA:13,0,1,0
BRDA:17,1,0,0
BRDA:17,1,1,0
BRDA:37,2,0,0
BRDA:37,2,1,0
BRDA:37,3,0,0
BRDA:37,3,1,0
BRDA:96,4,0,0
BRDA:96,4,1,0
BRF:10
BRH:0
end_of_record
